<?xml version="1.0" encoding="UTF-8"?>
<!-- Generated by org.testng.reporters.JUnitReportReporter -->
<testsuite hostname="VISHAL" failures="0" tests="1" name="TestCases.MenuTestcases" time="46.462" errors="0" timestamp="2023-05-25T15:15:23 IST" skipped="0">
  <testcase classname="TestCases.MenuTestcases" name="validateDealofDayTitle" time="46.462"/>
  <system-out/>
</testsuite> <!-- TestCases.MenuTestcases -->
