<?xml version="1.0" encoding="UTF-8"?>
<!-- Generated by org.testng.reporters.JUnitReportReporter -->
<testsuite hostname="VISHAL" failures="0" tests="1" name="TestCases.LoginTestcase" time="125.821" errors="0" timestamp="2023-05-25T14:14:35 IST" skipped="0">
  <testcase classname="TestCases.LoginTestcase" name="tc004signinWithNum" time="125.821"/>
  <system-out/>
</testsuite> <!-- TestCases.LoginTestcase -->
