<?xml version="1.0" encoding="UTF-8"?>
<!-- Generated by org.testng.reporters.JUnitReportReporter -->
<testsuite hostname="VISHAL" failures="0" tests="1" name="TestCases.BottomLinksTestCase" time="18.266" errors="0" timestamp="2023-05-23T00:19:38 IST" skipped="0">
  <testcase classname="TestCases.BottomLinksTestCase" name="scroll" time="18.266"/>
  <system-out/>
</testsuite> <!-- TestCases.BottomLinksTestCase -->
