<?xml version="1.0" encoding="UTF-8"?>
<!-- Generated by org.testng.reporters.JUnitReportReporter -->
<testsuite hostname="VISHAL" failures="0" tests="2" name="TestCases.CreateAccountTestcase" time="67.908" errors="0" timestamp="2023-05-21T16:39:13 IST" skipped="0">
  <testcase classname="TestCases.CreateAccountTestcase" name="tc02createAccount" time="48.554"/>
  <system-out/>
  <testcase classname="TestCases.CreateAccountTestcase" name="validateCreateAccount" time="19.354"/>
  <system-out/>
</testsuite> <!-- TestCases.CreateAccountTestcase -->
