<?xml version="1.0" encoding="UTF-8"?>
<!-- Generated by org.testng.reporters.JUnitReportReporter -->
<testsuite hostname="VISHAL" failures="0" tests="1" name="TestCases.HomeTestcase" time="47.111" errors="0" timestamp="2023-05-25T10:32:46 IST" skipped="0">
  <testcase classname="TestCases.HomeTestcase" name="tcHome01" time="47.111"/>
  <system-out/>
</testsuite> <!-- TestCases.HomeTestcase -->
