<?xml version="1.0" encoding="UTF-8"?>
<!-- Generated by org.testng.reporters.JUnitReportReporter -->
<testsuite hostname="VISHAL" failures="0" tests="1" name="TestCases.BottomLinksTestCase" time="39.699" errors="0" timestamp="2023-05-25T15:05:49 IST" skipped="0">
  <testcase classname="TestCases.BottomLinksTestCase" name="scroll" time="39.699"/>
  <system-out/>
</testsuite> <!-- TestCases.BottomLinksTestCase -->
