<?xml version="1.0" encoding="UTF-8"?>
<!-- Generated by org.testng.reporters.JUnitReportReporter -->
<testsuite hostname="VISHAL" failures="0" tests="2" name="TestCases.LoginTestcase" time="117.975" errors="0" timestamp="2023-05-25T15:05:49 IST" skipped="0">
  <testcase classname="TestCases.LoginTestcase" name="tc004signinWithNum" time="62.052"/>
  <system-out/>
  <testcase classname="TestCases.LoginTestcase" name="tc03Signin" time="55.923"/>
  <system-out/>
</testsuite> <!-- TestCases.LoginTestcase -->
